11.08.2021 13:04:56.325  - main - INFO  - com.revature.registrar.repository.UserRepository:Created User{id=-938284617, firstName='Jack', lastName='Raney', email='email', username='raneyj', password='pass', isFaculty=false}

11.08.2021 13:05:02.366  - main - INFO  - com.revature.registrar.repository.UserRepository:Retieved(S) User{id=-938284617, firstName='Jack', lastName='Raney', email='email', username='raneyj', password='pass', isFaculty=false}

11.08.2021 13:05:28.895  - main - INFO  - com.revature.registrar.repository.UserRepository:Created User{id=-1439577118, firstName='Teacher', lastName='McTeacherson', email='email', username='teacher', password='pass', isFaculty=true}

11.08.2021 13:05:36.258  - main - INFO  - com.revature.registrar.repository.UserRepository:Retieved(F) User{id=-1439577118, firstName='Teacher', lastName='McTeacherson', email='email', username='teacher', password='pass', isFaculty=true}

11.08.2021 13:06:26.787  - main - INFO  - com.revature.registrar.repository.ClassModelRepo:Created ClassModel{id=-1689173190, name='Introduction to Programming', capacity=10, description='demo', openWindow=java.util.GregorianCalendar[time=1628705280000,areFieldsSet=true,areAllFieldsSet=true,lenient=true,zone=sun.util.calendar.ZoneInfo[id="America/Chicago",offset=-21600000,dstSavings=3600000,useDaylight=true,transitions=235,lastRule=java.util.SimpleTimeZone[id=America/Chicago,offset=-21600000,dstSavings=3600000,useDaylight=true,startYear=0,startMode=3,startMonth=2,startDay=8,startDayOfWeek=1,startTime=7200000,startTimeMode=0,endMode=3,endMonth=10,endDay=1,endDayOfWeek=1,endTime=7200000,endTimeMode=0]],firstDayOfWeek=2,minimalDaysInFirstWeek=4,ERA=1,YEAR=2021,MONTH=7,WEEK_OF_YEAR=32,WEEK_OF_MONTH=2,DAY_OF_MONTH=11,DAY_OF_YEAR=223,DAY_OF_WEEK=4,DAY_OF_WEEK_IN_MONTH=2,AM_PM=1,HOUR=1,HOUR_OF_DAY=13,MINUTE=8,SECOND=0,MILLISECOND=0,ZONE_OFFSET=-21600000,DST_OFFSET=3600000], closeWindow=java.util.GregorianCalendar[time=1628744340000,areFieldsSet=true,areAllFieldsSet=true,lenient=true,zone=sun.util.calendar.ZoneInfo[id="America/Chicago",offset=-21600000,dstSavings=3600000,useDaylight=true,transitions=235,lastRule=java.util.SimpleTimeZone[id=America/Chicago,offset=-21600000,dstSavings=3600000,useDaylight=true,startYear=0,startMode=3,startMonth=2,startDay=8,startDayOfWeek=1,startTime=7200000,startTimeMode=0,endMode=3,endMonth=10,endDay=1,endDayOfWeek=1,endTime=7200000,endTimeMode=0]],firstDayOfWeek=2,minimalDaysInFirstWeek=4,ERA=1,YEAR=2021,MONTH=7,WEEK_OF_YEAR=32,WEEK_OF_MONTH=2,DAY_OF_MONTH=11,DAY_OF_YEAR=223,DAY_OF_WEEK=4,DAY_OF_WEEK_IN_MONTH=2,AM_PM=1,HOUR=11,HOUR_OF_DAY=23,MINUTE=59,SECOND=0,MILLISECOND=0,ZONE_OFFSET=-21600000,DST_OFFSET=3600000], students=[], faculty=[User{id=-1439577118, firstName='Teacher', lastName='McTeacherson', email='email', username='teacher', password='pass', isFaculty=true}]}

11.08.2021 13:06:26.841  - main - INFO  - com.revature.registrar.repository.UserRepository:Retieved(F) User{id=-1439577118, firstName='Teacher', lastName='McTeacherson', email='email', username='teacher', password='pass', isFaculty=true}

11.08.2021 13:06:26.841  - main - ERROR - com.revature.registrar.services.UserService:Duplicate
11.08.2021 13:06:26.841  - main - INFO  - com.revature.registrar.services.UserService:Updating existing resource
11.08.2021 13:06:26.893  - main - INFO  - com.revature.registrar.repository.UserRepository:Updated User{id=-1439577118, firstName='Teacher', lastName='McTeacherson', email='email', username='teacher', password='pass', isFaculty=true}

11.08.2021 13:06:29.719  - main - INFO  - com.revature.registrar.repository.UserRepository:Retieved(F) User{id=-1439577118, firstName='Teacher', lastName='McTeacherson', email='email', username='teacher', password='pass', isFaculty=true}

11.08.2021 13:06:47.768  - main - ERROR - com.revature.registrar.services.ClassService:Duplicate
11.08.2021 13:06:47.768  - main - INFO  - com.revature.registrar.services.ClassService:Updating existing resource
11.08.2021 13:06:47.866  - main - INFO  - com.revature.registrar.repository.UserRepository:Retieved(F) User{id=-1439577118, firstName='Teacher', lastName='McTeacherson', email='email', username='teacher', password='pass', isFaculty=true}

11.08.2021 13:06:56.532  - main - INFO  - com.revature.registrar.repository.UserRepository:Retieved(S) User{id=-938284617, firstName='Jack', lastName='Raney', email='email', username='raneyj', password='pass', isFaculty=false}

11.08.2021 13:07:43.279  - main - INFO  - com.revature.registrar.repository.UserRepository:Created User{id=108280083, firstName='fsdafasd', lastName='afsdasdf', email='asfdasdf', username='raney', password='pass', isFaculty=false}

11.08.2021 13:07:56.536  - main - INFO  - com.revature.registrar.repository.UserRepository:Retieved(S) User{id=-938284617, firstName='Jack', lastName='Raney', email='email', username='raneyj', password='pass', isFaculty=false}

11.08.2021 13:07:56.536  - main - ERROR - com.revature.registrar.services.UserService:Duplicate
11.08.2021 13:08:06.976  - main - INFO  - com.revature.registrar.repository.UserRepository:Created User{id=1708876316, firstName='raneyj', lastName='asdfasd', email='dafdsfasd', username='sadfsdfa', password='fasdf', isFaculty=false}

11.08.2021 13:08:23.641  - main - ERROR - com.revature.registrar.services.ClassService:Duplicate
11.08.2021 13:08:23.641  - main - INFO  - com.revature.registrar.services.ClassService:Updating existing resource
11.08.2021 13:08:23.738  - main - INFO  - com.revature.registrar.repository.UserRepository:Retieved(S) User{id=1708876316, firstName='raneyj', lastName='asdfasd', email='dafdsfasd', username='sadfsdfa', password='fasdf', isFaculty=false}

11.08.2021 13:08:23.738  - main - ERROR - com.revature.registrar.services.UserService:Duplicate
11.08.2021 13:08:23.738  - main - INFO  - com.revature.registrar.services.UserService:Updating existing resource
11.08.2021 13:08:23.785  - main - INFO  - com.revature.registrar.repository.UserRepository:Updated User{id=1708876316, firstName='raneyj', lastName='asdfasd', email='dafdsfasd', username='sadfsdfa', password='fasdf', isFaculty=false}

11.08.2021 13:08:29.547  - main - INFO  - com.revature.registrar.repository.UserRepository:Retieved(S) User{id=1708876316, firstName='raneyj', lastName='asdfasd', email='dafdsfasd', username='sadfsdfa', password='fasdf', isFaculty=false}

11.08.2021 13:08:37.495  - main - INFO  - com.revature.registrar.repository.UserRepository:Retieved(F) User{id=-1439577118, firstName='Teacher', lastName='McTeacherson', email='email', username='teacher', password='pass', isFaculty=true}

11.08.2021 13:08:38.738  - main - INFO  - com.revature.registrar.repository.UserRepository:Retieved(F) User{id=-1439577118, firstName='Teacher', lastName='McTeacherson', email='email', username='teacher', password='pass', isFaculty=true}

11.08.2021 13:08:42.511  - main - INFO  - com.revature.registrar.repository.UserRepository:Retieved [User{id=-1439577118, firstName='Teacher', lastName='McTeacherson', email='email', username='teacher', password='pass', isFaculty=true}, User{id=1708876316, firstName='raneyj', lastName='asdfasd', email='dafdsfasd', username='sadfsdfa', password='fasdf', isFaculty=false}]

11.08.2021 13:08:42.560  - main - INFO  - com.revature.registrar.repository.UserRepository:Retieved(F) User{id=-1439577118, firstName='Teacher', lastName='McTeacherson', email='email', username='teacher', password='pass', isFaculty=true}

11.08.2021 13:08:42.560  - main - ERROR - com.revature.registrar.services.UserService:Duplicate
11.08.2021 13:08:42.561  - main - INFO  - com.revature.registrar.services.UserService:Updating existing resource
11.08.2021 13:08:42.612  - main - INFO  - com.revature.registrar.repository.UserRepository:Updated User{id=-1439577118, firstName='Teacher', lastName='McTeacherson', email='email', username='teacher', password='pass', isFaculty=true}

11.08.2021 13:08:42.661  - main - INFO  - com.revature.registrar.repository.UserRepository:Retieved(S) User{id=1708876316, firstName='raneyj', lastName='asdfasd', email='dafdsfasd', username='sadfsdfa', password='fasdf', isFaculty=false}

11.08.2021 13:08:42.661  - main - ERROR - com.revature.registrar.services.UserService:Duplicate
11.08.2021 13:08:42.661  - main - INFO  - com.revature.registrar.services.UserService:Updating existing resource
11.08.2021 13:08:42.709  - main - INFO  - com.revature.registrar.repository.UserRepository:Updated User{id=1708876316, firstName='raneyj', lastName='asdfasd', email='dafdsfasd', username='sadfsdfa', password='fasdf', isFaculty=false}

11.08.2021 13:08:42.761  - main - INFO  - com.revature.registrar.repository.UserRepository:Retieved(F) User{id=-1439577118, firstName='Teacher', lastName='McTeacherson', email='email', username='teacher', password='pass', isFaculty=true}

11.08.2021 13:08:49.419  - main - INFO  - com.revature.registrar.repository.UserRepository:Retieved(S) User{id=-938284617, firstName='Jack', lastName='Raney', email='email', username='raneyj', password='pass', isFaculty=false}

11.08.2021 13:08:50.635  - main - INFO  - com.revature.registrar.repository.UserRepository:Retieved(S) User{id=-938284617, firstName='Jack', lastName='Raney', email='email', username='raneyj', password='pass', isFaculty=false}

11.08.2021 13:09:45.004  - main - ERROR - com.revature.registrar.services.ClassService:Invalid classModel data provided

11.08.2021 13:09:45.043  - main - ERROR - com.revature.registrar.services.UserService:Duplicate
11.08.2021 13:09:45.044  - main - ERROR - com.revature.registrar.services.UserService:Invalid user data provided

11.08.2021 13:09:45.045  - main - ERROR - com.revature.registrar.services.UserService:Invalid user data provided

11.08.2021 13:09:45.045  - main - ERROR - com.revature.registrar.services.UserService:Invalid ID

